<?xml version="1.0" encoding="UTF-8"?>
<!-- Generated by org.testng.reporters.JUnitXMLReporter -->
<testsuite hostname="EPBYMINW8310" ignored="1" name="Parallel Test" tests="8" failures="0" timestamp="21 Aug 2019 16:24:40 GMT" time="0.028" errors="0">
  <testcase name="subTest" time="0.001" classname="simpleTests.SubTest"/>
  <testcase name="sumTest" time="0.001" classname="simpleTests.SumTest"/>
  <testcase name="subTest" time="0.0" classname="simpleTests.SubTest"/>
  <testcase name="sumTest" time="0.0" classname="simpleTests.SumTest"/>
  <testcase name="sumTest" time="0.001" classname="simpleTests.SumTest"/>
  <testcase name="subTest" time="0.001" classname="simpleTests.SubTest"/>
  <testcase name="sumTest" time="0.0" classname="simpleTests.SumTest"/>
  <testcase name="subTest" time="0.0" classname="simpleTests.SubTest"/>
  <testcase name="divTest" time="0.0" classname="simpleTests.DivideTest">
    <ignored/>
  </testcase> <!-- divTest -->
</testsuite> <!-- Parallel Test -->
