<?xml version="1.0" encoding="UTF-8"?>
<!-- Generated by org.testng.reporters.JUnitXMLReporter -->
<testsuite hostname="EPBYMINW8310" ignored="0" name="Sub Test" tests="4" failures="0" timestamp="21 Aug 2019 16:01:32 GMT" time="0.003" errors="0">
  <testcase name="subTest" time="0.0" classname="simpleTests.SubTest"/>
  <testcase name="subTest" time="0.0" classname="simpleTests.SubTest"/>
  <testcase name="subTest" time="0.0" classname="simpleTests.SubTest"/>
  <testcase name="subTest" time="0.0" classname="simpleTests.SubTest"/>
</testsuite> <!-- Sub Test -->
